<?xml version="1.0" encoding="UTF-8"?>
<!-- Generated by org.testng.reporters.JUnitXMLReporter -->
<testsuite hostname="DavidBala" name="TestOrg" tests="3" failures="0" timestamp="27 Jan 2020 12:38:35 GMT" time="77.098" errors="0">
  <testcase name="CreateOrganization" time="12.939" classname="com.crm.Vtiger.OrganizationTest.TestOrganizationPage"/>
  <testcase name="CampaignsPage" time="13.336" classname="com.crm.Vtiger.CampaignTest.TestCampaignsPage"/>
  <testcase name="TestProductPage" time="11.543" classname="com.crm.Vtiger.ProductTest.TestProductsPage"/>
</testsuite> <!-- TestOrg -->
