<?xml version="1.0" encoding="UTF-8"?>
<!-- Generated by org.testng.reporters.JUnitXMLReporter -->
<testsuite hostname="DavidBala" name="TestFireFox" tests="3" failures="0" timestamp="27 Jan 2020 10:11:39 GMT" time="71.959" errors="0">
  <testcase name="CreateOrganization" time="12.1" classname="com.crm.Vtiger.OrganizationTest.TestOrganizationPage"/>
  <testcase name="CampaignsPage" time="11.556" classname="com.crm.Vtiger.CampaignTest.TestCampaignsPage"/>
  <testcase name="TestProductPage" time="11.42" classname="com.crm.Vtiger.ProductTest.TestProductsPage"/>
</testsuite> <!-- TestFireFox -->
